<?xml version="1.0" encoding="utf-8"?><testsuites name="pytest tests"><testsuite name="pytest" errors="0" failures="0" skipped="0" tests="22" time="3.919" timestamp="2026-08-23T00:58:36.128027+00:00" hostname="agent-env-a2a2a9ea-d130-46f5-aecf-c2926dae2cdc"><testcase classname="tests.backend_test.TestPublic" name="test_get_company" time="0.368" /><testcase classname="tests.backend_test.TestPublic" name="test_create_and_track_quote_anonymous" time="0.114" /><testcase classname="tests.backend_test.TestPublic" name="test_track_not_found" time="0.058" /><testcase classname="tests.backend_test.TestAuth" name="test_login_success_returns_session_token" time="0.299" /><testcase classname="tests.backend_test.TestAuth" name="test_login_wrong_password_401" time="0.274" /><testcase classname="tests.backend_test.TestAuth" name="test_me_no_token_returns_401_not_403" time="0.055" /><testcase classname="tests.backend_test.TestAuth" name="test_me_invalid_token_401" time="0.146" /><testcase classname="tests.backend_test.TestAuth" name="test_me_with_token" time="0.414" /><testcase classname="tests.backend_test.TestAuth" name="test_apple_invalid_token_401" time="0.054" /><testcase classname="tests.backend_test.TestAuth" name="test_google_session_invalid_401" time="0.193" /><testcase classname="tests.backend_test.TestAuth" name="test_logout_invalidates_session" time="0.889" /><testcase classname="tests.backend_test.TestMyQuotes" name="test_my_quotes_requires_auth" time="0.050" /><testcase classname="tests.backend_test.TestMyQuotes" name="test_my_quotes_with_admin_token_returns_list" time="0.053" /><testcase classname="tests.backend_test.TestMyQuotes" name="test_authenticated_quote_is_linked_and_appears_in_my_quotes" time="0.100" /><testcase classname="tests.backend_test.TestAdmin" name="test_list_quotes_unauth_401" time="0.049" /><testcase classname="tests.backend_test.TestAdmin" name="test_list_quotes" time="0.052" /><testcase classname="tests.backend_test.TestAdmin" name="test_filter_pending" time="0.055" /><testcase classname="tests.backend_test.TestAdmin" name="test_stats" time="0.050" /><testcase classname="tests.backend_test.TestAdmin" name="test_get_single" time="0.051" /><testcase classname="tests.backend_test.TestAdmin" name="test_reply_and_track" time="0.100" /><testcase classname="tests.backend_test.TestAdmin" name="test_update_company" time="0.304" /><testcase classname="tests.backend_test.TestAdmin" name="test_update_company_unauth" time="0.055" /></testsuite></testsuites>