<?xml version="1.0" encoding="utf-8"?><testsuites name="pytest tests"><testsuite name="pytest" errors="0" failures="0" skipped="0" tests="16" time="2.221" timestamp="2026-08-22T22:28:57.090332+00:00" hostname="agent-env-a2a2a9ea-d130-46f5-aecf-c2926dae2cdc"><testcase classname="tests.backend_test.TestPublic" name="test_get_company" time="0.152" /><testcase classname="tests.backend_test.TestPublic" name="test_create_and_track_quote" time="0.102" /><testcase classname="tests.backend_test.TestPublic" name="test_track_not_found" time="0.054" /><testcase classname="tests.backend_test.TestAuth" name="test_login_success" time="0.270" /><testcase classname="tests.backend_test.TestAuth" name="test_login_wrong_password" time="0.274" /><testcase classname="tests.backend_test.TestAuth" name="test_me_no_token" time="0.048" /><testcase classname="tests.backend_test.TestAuth" name="test_me_with_token" time="0.378" /><testcase classname="tests.backend_test.TestAdmin" name="test_list_quotes_unauth" time="0.186" /><testcase classname="tests.backend_test.TestAdmin" name="test_list_quotes" time="0.053" /><testcase classname="tests.backend_test.TestAdmin" name="test_filter_pending" time="0.054" /><testcase classname="tests.backend_test.TestAdmin" name="test_stats" time="0.054" /><testcase classname="tests.backend_test.TestAdmin" name="test_get_single" time="0.052" /><testcase classname="tests.backend_test.TestAdmin" name="test_reply_and_track_shows_reply" time="0.104" /><testcase classname="tests.backend_test.TestAdmin" name="test_filter_responded" time="0.051" /><testcase classname="tests.backend_test.TestAdmin" name="test_update_company" time="0.285" /><testcase classname="tests.backend_test.TestAdmin" name="test_update_company_unauth" time="0.054" /></testsuite></testsuites>